[2m9:59:00 PM[22m [31m[1m[vite][22m[39m [31mInternal server error: C:\Users\triph\OneDrive\Documents\VSCode Workspace\SwanHack26-2\frontend\src\components\ScheduleOutput.jsx: Unexpected token, expected "," (98:12)

[0m [90m  96 |[31m           [33m:[31m [32m"#d9d1c4"[31m[33m,[31m
 [90m  97 |[31m   }[33m,[31m
[31m[1m>[22m[31m[90m  98 |[31m   courseCode[33m:[31m {
 [90m     |[31m             [31m[1m^[22m[31m
 [90m  99 |[31m     margin[33m:[31m [35m0[31m[33m,[31m
 [90m 100 |[31m     color[33m:[31m [32m"#948d82"[31m[33m,[31m
 [90m 101 |[31m     fontWeight[33m:[31m [35m700[31m[33m,[31m[0m[39m
  Plugin: [35mvite:react-babel[39m
  File: [36mC:/Users/triph/OneDrive/Documents/VSCode Workspace/SwanHack26-2/frontend/src/components/ScheduleOutput.jsx[39m:98:12
[33m  96 |            : "#d9d1c4",
  97 |    },
  98 |    courseCode: {
     |              ^
  99 |      margin: 0,
  100|      color: "#948d82",[39m
      at constructor (C:\Users\triph\OneDrive\Documents\VSCode Workspace\SwanHack26-2\frontend\node_modules\@babel\parser\lib\index.js:365:19)
      at JSXParserMixin.raise (C:\Users\triph\OneDrive\Documents\VSCode Workspace\SwanHack26-2\frontend\node_modules\@babel\parser\lib\index.js:6616:19)
      at JSXParserMixin.unexpected (C:\Users\triph\OneDrive\Documents\VSCode Workspace\SwanHack26-2\frontend\node_modules\@babel\parser\lib\index.js:6636:16)
      at JSXParserMixin.expect (C:\Users\triph\OneDrive\Documents\VSCode Workspace\SwanHack26-2\frontend\node_modules\@babel\parser\lib\index.js:6916:12)
      at JSXParserMixin.parseParenAndDistinguishExpression (C:\Users\triph\OneDrive\Documents\VSCode Workspace\SwanHack26-2\frontend\node_modules\@babel\parser\lib\index.js:11678:14)
      at JSXParserMixin.parseExprAtom (C:\Users\triph\OneDrive\Documents\VSCode Workspace\SwanHack26-2\frontend\node_modules\@babel\parser\lib\index.js:11348:23)
      at JSXParserMixin.parseExprAtom (C:\Users\triph\OneDrive\Documents\VSCode Workspace\SwanHack26-2\frontend\node_modules\@babel\parser\lib\index.js:4776:20)
      at JSXParserMixin.parseExprSubscripts (C:\Users\triph\OneDrive\Documents\VSCode Workspace\SwanHack26-2\frontend\node_modules\@babel\parser\lib\index.js:11098:23)
      at JSXParserMixin.parseUpdate (C:\Users\triph\OneDrive\Documents\VSCode Workspace\SwanHack26-2\frontend\node_modules\@babel\parser\lib\index.js:11083:21)
      at JSXParserMixin.parseMaybeUnary (C:\Users\triph\OneDrive\Documents\VSCode Workspace\SwanHack26-2\frontend\node_modules\@babel\parser\lib\index.js:11063:23)
      at JSXParserMixin.parseMaybeUnaryOrPrivate (C:\Users\triph\OneDrive\Documents\VSCode Workspace\SwanHack26-2\frontend\node_modules\@babel\parser\lib\index.js:10916:61)
      at JSXParserMixin.parseExprOps (C:\Users\triph\OneDrive\Documents\VSCode Workspace\SwanHack26-2\frontend\node_modules\@babel\parser\lib\index.js:10921:23)
      at JSXParserMixin.parseMaybeConditional (C:\Users\triph\OneDrive\Documents\VSCode Workspace\SwanHack26-2\frontend\node_modules\@babel\parser\lib\index.js:10898:23)
      at JSXParserMixin.parseMaybeAssign (C:\Users\triph\OneDrive\Documents\VSCode Workspace\SwanHack26-2\frontend\node_modules\@babel\parser\lib\index.js:10848:21)
      at JSXParserMixin.parseFunctionBody (C:\Users\triph\OneDrive\Documents\VSCode Workspace\SwanHack26-2\frontend\node_modules\@babel\parser\lib\index.js:12110:24)
      at JSXParserMixin.parseArrowExpression (C:\Users\triph\OneDrive\Documents\VSCode Workspace\SwanHack26-2\frontend\node_modules\@babel\parser\lib\index.js:12092:10)
      at JSXParserMixin.parseParenAndDistinguishExpression (C:\Users\triph\OneDrive\Documents\VSCode Workspace\SwanHack26-2\frontend\node_modules\@babel\parser\lib\index.js:11704:12)
      at JSXParserMixin.parseExprAtom (C:\Users\triph\OneDrive\Documents\VSCode Workspace\SwanHack26-2\frontend\node_modules\@babel\parser\lib\index.js:11348:23)
      at JSXParserMixin.parseExprAtom (C:\Users\triph\OneDrive\Documents\VSCode Workspace\SwanHack26-2\frontend\node_modules\@babel\parser\lib\index.js:4776:20)
      at JSXParserMixin.parseExprSubscripts (C:\Users\triph\OneDrive\Documents\VSCode Workspace\SwanHack26-2\frontend\node_modules\@babel\parser\lib\index.js:11098:23)
      at JSXParserMixin.parseUpdate (C:\Users\triph\OneDrive\Documents\VSCode Workspace\SwanHack26-2\frontend\node_modules\@babel\parser\lib\index.js:11083:21)
      at JSXParserMixin.parseMaybeUnary (C:\Users\triph\OneDrive\Documents\VSCode Workspace\SwanHack26-2\frontend\node_modules\@babel\parser\lib\index.js:11063:23)
      at JSXParserMixin.parseMaybeUnaryOrPrivate (C:\Users\triph\OneDrive\Documents\VSCode Workspace\SwanHack26-2\frontend\node_modules\@babel\parser\lib\index.js:10916:61)
      at JSXParserMixin.parseExprOps (C:\Users\triph\OneDrive\Documents\VSCode Workspace\SwanHack26-2\frontend\node_modules\@babel\parser\lib\index.js:10921:23)
      at JSXParserMixin.parseMaybeConditional (C:\Users\triph\OneDrive\Documents\VSCode Workspace\SwanHack26-2\frontend\node_modules\@babel\parser\lib\index.js:10898:23)
      at JSXParserMixin.parseMaybeAssign (C:\Users\triph\OneDrive\Documents\VSCode Workspace\SwanHack26-2\frontend\node_modules\@babel\parser\lib\index.js:10848:21)
      at C:\Users\triph\OneDrive\Documents\VSCode Workspace\SwanHack26-2\frontend\node_modules\@babel\parser\lib\index.js:10817:39
      at JSXParserMixin.allowInAnd (C:\Users\triph\OneDrive\Documents\VSCode Workspace\SwanHack26-2\frontend\node_modules\@babel\parser\lib\index.js:12443:12)
      at JSXParserMixin.parseMaybeAssignAllowIn (C:\Users\triph\OneDrive\Documents\VSCode Workspace\SwanHack26-2\frontend\node_modules\@babel\parser\lib\index.js:10817:17)
      at JSXParserMixin.parseMaybeAssignAllowInOrVoidPattern (C:\Users\triph\OneDrive\Documents\VSCode Workspace\SwanHack26-2\frontend\node_modules\@babel\parser\lib\index.js:12510:17)
      at JSXParserMixin.parseObjectProperty (C:\Users\triph\OneDrive\Documents\VSCode Workspace\SwanHack26-2\frontend\node_modules\@babel\parser\lib\index.js:11967:83)
      at JSXParserMixin.parseObjPropValue (C:\Users\triph\OneDrive\Documents\VSCode Workspace\SwanHack26-2\frontend\node_modules\@babel\parser\lib\index.js:11995:100)
      at JSXParserMixin.parsePropertyDefinition (C:\Users\triph\OneDrive\Documents\VSCode Workspace\SwanHack26-2\frontend\node_modules\@babel\parser\lib\index.js:11932:17)
      at JSXParserMixin.parseObjectLike (C:\Users\triph\OneDrive\Documents\VSCode Workspace\SwanHack26-2\frontend\node_modules\@babel\parser\lib\index.js:11849:21)
      at JSXParserMixin.parseExprAtom (C:\Users\triph\OneDrive\Documents\VSCode Workspace\SwanHack26-2\frontend\node_modules\@babel\parser\lib\index.js:11356:23)
      at JSXParserMixin.parseExprAtom (C:\Users\triph\OneDrive\Documents\VSCode Workspace\SwanHack26-2\frontend\node_modules\@babel\parser\lib\index.js:4776:20)
      at JSXParserMixin.parseExprSubscripts (C:\Users\triph\OneDrive\Documents\VSCode Workspace\SwanHack26-2\frontend\node_modules\@babel\parser\lib\index.js:11098:23)
      at JSXParserMixin.parseUpdate (C:\Users\triph\OneDrive\Documents\VSCode Workspace\SwanHack26-2\frontend\node_modules\@babel\parser\lib\index.js:11083:21)
      at JSXParserMixin.parseMaybeUnary (C:\Users\triph\OneDrive\Documents\VSCode Workspace\SwanHack26-2\frontend\node_modules\@babel\parser\lib\index.js:11063:23)
      at JSXParserMixin.parseMaybeUnaryOrPrivate (C:\Users\triph\OneDrive\Documents\VSCode Workspace\SwanHack26-2\frontend\node_modules\@babel\parser\lib\index.js:10916:61)
      at JSXParserMixin.parseExprOps (C:\Users\triph\OneDrive\Documents\VSCode Workspace\SwanHack26-2\frontend\node_modules\@babel\parser\lib\index.js:10921:23)
      at JSXParserMixin.parseMaybeConditional (C:\Users\triph\OneDrive\Documents\VSCode Workspace\SwanHack26-2\frontend\node_modules\@babel\parser\lib\index.js:10898:23)
      at JSXParserMixin.parseMaybeAssign (C:\Users\triph\OneDrive\Documents\VSCode Workspace\SwanHack26-2\frontend\node_modules\@babel\parser\lib\index.js:10848:21)
      at C:\Users\triph\OneDrive\Documents\VSCode Workspace\SwanHack26-2\frontend\node_modules\@babel\parser\lib\index.js:10817:39
      at JSXParserMixin.allowInAnd (C:\Users\triph\OneDrive\Documents\VSCode Workspace\SwanHack26-2\frontend\node_modules\@babel\parser\lib\index.js:12438:16)
      at JSXParserMixin.parseMaybeAssignAllowIn (C:\Users\triph\OneDrive\Documents\VSCode Workspace\SwanHack26-2\frontend\node_modules\@babel\parser\lib\index.js:10817:17)
      at JSXParserMixin.parseVar (C:\Users\triph\OneDrive\Documents\VSCode Workspace\SwanHack26-2\frontend\node_modules\@babel\parser\lib\index.js:13401:91)
      at JSXParserMixin.parseVarStatement (C:\Users\triph\OneDrive\Documents\VSCode Workspace\SwanHack26-2\frontend\node_modules\@babel\parser\lib\index.js:13247:10)
      at JSXParserMixin.parseStatementContent (C:\Users\triph\OneDrive\Documents\VSCode Workspace\SwanHack26-2\frontend\node_modules\@babel\parser\lib\index.js:12868:23)
      at JSXParserMixin.parseStatementLike (C:\Users\triph\OneDrive\Documents\VSCode Workspace\SwanHack26-2\frontend\node_modules\@babel\parser\lib\index.js:12784:17)
